2019-05-15 17:38:44: -- Analysis Started by User Command
2019-05-15 17:38:45: Changes: 98, Conflicts: 0, CopyTime: 0, FixState: 0, Errors: 0, All: 557
2019-05-15 17:38:45: Left to Right: Copy File: 98 
2019-05-15 17:38:45: -- Analysis Complete. Time 00:00:01, Speed: 557 files/s
2019-05-15 17:38:45: 
2019-05-15 17:38:46: == Sync Started by User Command
2019-05-15 17:38:46: Create Folder '/Volumes/128 GB SD/StudyStorage-SD/R_programingBackup/.git/objects/06'
2019-05-15 17:38:46: Create Folder '/Volumes/128 GB SD/StudyStorage-SD/R_programingBackup/.git/objects/0d'
2019-05-15 17:38:46: Create Folder '/Volumes/128 GB SD/StudyStorage-SD/R_programingBackup/.git/objects/14'
2019-05-15 17:38:46: Create Folder '/Volumes/128 GB SD/StudyStorage-SD/R_programingBackup/.git/objects/28'
2019-05-15 17:38:46: Create Folder '/Volumes/128 GB SD/StudyStorage-SD/R_programingBackup/.git/objects/4c'
2019-05-15 17:38:46: Create Folder '/Volumes/128 GB SD/StudyStorage-SD/R_programingBackup/.git/objects/4d'
2019-05-15 17:38:46: Create Folder '/Volumes/128 GB SD/StudyStorage-SD/R_programingBackup/.git/objects/55'
2019-05-15 17:38:46: Create Folder '/Volumes/128 GB SD/StudyStorage-SD/R_programingBackup/.git/objects/69'
2019-05-15 17:38:46: Create Folder '/Volumes/128 GB SD/StudyStorage-SD/R_programingBackup/.git/objects/7d'
2019-05-15 17:38:46: Create Folder '/Volumes/128 GB SD/StudyStorage-SD/R_programingBackup/.git/objects/82'
2019-05-15 17:38:46: Create Folder '/Volumes/128 GB SD/StudyStorage-SD/R_programingBackup/.git/objects/89'
2019-05-15 17:38:46: Create Folder '/Volumes/128 GB SD/StudyStorage-SD/R_programingBackup/.git/objects/8f'
2019-05-15 17:38:46: Create Folder '/Volumes/128 GB SD/StudyStorage-SD/R_programingBackup/.git/objects/9b'
2019-05-15 17:38:46: Create Folder '/Volumes/128 GB SD/StudyStorage-SD/R_programingBackup/.git/objects/aa'
2019-05-15 17:38:46: Create Folder '/Volumes/128 GB SD/StudyStorage-SD/R_programingBackup/.git/objects/ae'
2019-05-15 17:38:47: Create Folder '/Volumes/128 GB SD/StudyStorage-SD/R_programingBackup/.git/objects/ba'
2019-05-15 17:38:47: Create Folder '/Volumes/128 GB SD/StudyStorage-SD/R_programingBackup/.git/objects/bd'
2019-05-15 17:38:47: Create Folder '/Volumes/128 GB SD/StudyStorage-SD/R_programingBackup/.git/objects/c0'
2019-05-15 17:38:47: Create Folder '/Volumes/128 GB SD/StudyStorage-SD/R_programingBackup/.git/objects/c5'
2019-05-15 17:38:47: Create Folder '/Volumes/128 GB SD/StudyStorage-SD/R_programingBackup/.git/objects/d9'
2019-05-15 17:38:47: Create Folder '/Volumes/128 GB SD/StudyStorage-SD/R_programingBackup/.git/objects/de'
2019-05-15 17:38:47: Create Folder '/Volumes/128 GB SD/StudyStorage-SD/R_programingBackup/.git/objects/e0'
2019-05-15 17:38:47: Create Folder '/Volumes/128 GB SD/StudyStorage-SD/R_programingBackup/.git/objects/f9'
2019-05-15 17:38:47: Create Folder '/Volumes/128 GB SD/StudyStorage-SD/R_programingBackup/rsconnect'
2019-05-15 17:38:47: Create Folder '/Volumes/128 GB SD/StudyStorage-SD/R_programingBackup/rsconnect/documents'
2019-05-15 17:38:47: Create Folder '/Volumes/128 GB SD/StudyStorage-SD/R_programingBackup/rsconnect/documents/PracticalDataScience_AnalyzingStocks_TradingWithTrends.Rmd'
2019-05-15 17:38:47: Create Folder '/Volumes/128 GB SD/StudyStorage-SD/R_programingBackup/rsconnect/documents/PracticalDataScience_AnalyzingStocks_TradingWithTrends.Rmd/rpubs.com'
2019-05-15 17:38:47: Create Folder '/Volumes/128 GB SD/StudyStorage-SD/R_programingBackup/rsconnect/documents/PracticalDataScience_AnalyzingStocks_TradingWithTrends.Rmd/rpubs.com/rpubs'
2019-05-15 17:38:47: Copy Over '/Users/markloessi/R_programing/.git/COMMIT_EDITMSG' -> '/Volumes/128 GB SD/StudyStorage-SD/R_programingBackup/.git/COMMIT_EDITMSG' (15)
2019-05-15 17:38:47: Copy Over '/Users/markloessi/R_programing/.git/FETCH_HEAD' -> '/Volumes/128 GB SD/StudyStorage-SD/R_programingBackup/.git/FETCH_HEAD' (98)
2019-05-15 17:38:48: Copy Over '/Users/markloessi/R_programing/.git/index' -> '/Volumes/128 GB SD/StudyStorage-SD/R_programingBackup/.git/index' (13374)
2019-05-15 17:38:48: Copy Over '/Users/markloessi/R_programing/.git/logs/HEAD' -> '/Volumes/128 GB SD/StudyStorage-SD/R_programingBackup/.git/logs/HEAD' (5688)
2019-05-15 17:38:48: Copy Over '/Users/markloessi/R_programing/.git/logs/refs/heads/master' -> '/Volumes/128 GB SD/StudyStorage-SD/R_programingBackup/.git/logs/refs/heads/master' (5688)
2019-05-15 17:38:48: Copy Over '/Users/markloessi/R_programing/.git/logs/refs/remotes/origin/master' -> '/Volumes/128 GB SD/StudyStorage-SD/R_programingBackup/.git/logs/refs/remotes/origin/master' (3703)
2019-05-15 17:38:48: Copy New '/Users/markloessi/R_programing/.git/objects/06/9495e4d92b8504251845c5266392915ad3aba0' -> '/Volumes/128 GB SD/StudyStorage-SD/R_programingBackup/.git/objects/06/9495e4d92b8504251845c5266392915ad3aba0' (859)
2019-05-15 17:38:48: Copy New '/Users/markloessi/R_programing/.git/objects/0c/bf1c6c1b9fc2d19ddd5c45b763f22cb74683e5' -> '/Volumes/128 GB SD/StudyStorage-SD/R_programingBackup/.git/objects/0c/bf1c6c1b9fc2d19ddd5c45b763f22cb74683e5' (273)
2019-05-15 17:38:48: Copy New '/Users/markloessi/R_programing/.git/objects/0d/fc8f992c52e5c2a47ca8a51ba93bd22a16d230' -> '/Volumes/128 GB SD/StudyStorage-SD/R_programingBackup/.git/objects/0d/fc8f992c52e5c2a47ca8a51ba93bd22a16d230' (12838)
2019-05-15 17:38:48: Copy New '/Users/markloessi/R_programing/.git/objects/11/e9a7bfa830c405d7a2997d4f983b06fb4d587e' -> '/Volumes/128 GB SD/StudyStorage-SD/R_programingBackup/.git/objects/11/e9a7bfa830c405d7a2997d4f983b06fb4d587e' (3500)
2019-05-15 17:38:48: Copy New '/Users/markloessi/R_programing/.git/objects/14/003ae6553bc8e5c550842cb6b4707f3fc64a5d' -> '/Volumes/128 GB SD/StudyStorage-SD/R_programingBackup/.git/objects/14/003ae6553bc8e5c550842cb6b4707f3fc64a5d' (3511)
2019-05-15 17:38:48: Copy New '/Users/markloessi/R_programing/.git/objects/14/bd663917debaa9f39f71f8239278c0c48c634c' -> '/Volumes/128 GB SD/StudyStorage-SD/R_programingBackup/.git/objects/14/bd663917debaa9f39f71f8239278c0c48c634c' (247)
2019-05-15 17:38:48: Copy New '/Users/markloessi/R_programing/.git/objects/21/1f507585f44dd3d39340ea618efe8aa066c883' -> '/Volumes/128 GB SD/StudyStorage-SD/R_programingBackup/.git/objects/21/1f507585f44dd3d39340ea618efe8aa066c883' (167)
2019-05-15 17:38:48: Copy New '/Users/markloessi/R_programing/.git/objects/25/6183093fba650dc20aff259cc89fc66bc33c4a' -> '/Volumes/128 GB SD/StudyStorage-SD/R_programingBackup/.git/objects/25/6183093fba650dc20aff259cc89fc66bc33c4a' (160)
2019-05-15 17:38:48: Copy New '/Users/markloessi/R_programing/.git/objects/28/5914b55be6c55e6f8272c3b7de8267a047d991' -> '/Volumes/128 GB SD/StudyStorage-SD/R_programingBackup/.git/objects/28/5914b55be6c55e6f8272c3b7de8267a047d991' (281)
2019-05-15 17:38:48: Copy New '/Users/markloessi/R_programing/.git/objects/28/c82f9984d2a4a3bc927803e2533ad1a6eb1523' -> '/Volumes/128 GB SD/StudyStorage-SD/R_programingBackup/.git/objects/28/c82f9984d2a4a3bc927803e2533ad1a6eb1523' (271)
2019-05-15 17:38:48: Copy New '/Users/markloessi/R_programing/.git/objects/3a/d242d2c7ae74261962136446d017193b51f09d' -> '/Volumes/128 GB SD/StudyStorage-SD/R_programingBackup/.git/objects/3a/d242d2c7ae74261962136446d017193b51f09d' (272)
2019-05-15 17:38:48: Copy New '/Users/markloessi/R_programing/.git/objects/3b/8fff19ff6331eb3ce52461967b69e9bca73e1f' -> '/Volumes/128 GB SD/StudyStorage-SD/R_programingBackup/.git/objects/3b/8fff19ff6331eb3ce52461967b69e9bca73e1f' (3511)
2019-05-15 17:38:48: Copy New '/Users/markloessi/R_programing/.git/objects/3c/33f1f233c33c8d704782d50a06d45596752a78' -> '/Volumes/128 GB SD/StudyStorage-SD/R_programingBackup/.git/objects/3c/33f1f233c33c8d704782d50a06d45596752a78' (3510)
2019-05-15 17:38:48: Copy New '/Users/markloessi/R_programing/.git/objects/42/e9bfb80dcf7192b8a416780494cf60e6626e32' -> '/Volumes/128 GB SD/StudyStorage-SD/R_programingBackup/.git/objects/42/e9bfb80dcf7192b8a416780494cf60e6626e32' (3511)
2019-05-15 17:38:48: Copy New '/Users/markloessi/R_programing/.git/objects/49/4d5927a49c0d8ed401566fe010c850f8d841ae' -> '/Volumes/128 GB SD/StudyStorage-SD/R_programingBackup/.git/objects/49/4d5927a49c0d8ed401566fe010c850f8d841ae' (980966)
2019-05-15 17:38:48: Copy New '/Users/markloessi/R_programing/.git/objects/4a/70b7645215961dffccc5fc6d5c243186fc80fa' -> '/Volumes/128 GB SD/StudyStorage-SD/R_programingBackup/.git/objects/4a/70b7645215961dffccc5fc6d5c243186fc80fa' (98)
2019-05-15 17:38:48: Copy New '/Users/markloessi/R_programing/.git/objects/4c/1917f4b2033746b5129af367442e6ad06b09f7' -> '/Volumes/128 GB SD/StudyStorage-SD/R_programingBackup/.git/objects/4c/1917f4b2033746b5129af367442e6ad06b09f7' (123)
2019-05-15 17:38:48: Copy New '/Users/markloessi/R_programing/.git/objects/4d/f03a70a5a307341e89e2a57bdef0f45fac075d' -> '/Volumes/128 GB SD/StudyStorage-SD/R_programingBackup/.git/objects/4d/f03a70a5a307341e89e2a57bdef0f45fac075d' (2607)
2019-05-15 17:38:48: Copy New '/Users/markloessi/R_programing/.git/objects/55/f4ab3a193ce7083c18eeeb604e41c395469469' -> '/Volumes/128 GB SD/StudyStorage-SD/R_programingBackup/.git/objects/55/f4ab3a193ce7083c18eeeb604e41c395469469' (145)
2019-05-15 17:38:48: Copy New '/Users/markloessi/R_programing/.git/objects/5f/053fff31f13a2b4465490f3a8acd4b7df1df21' -> '/Volumes/128 GB SD/StudyStorage-SD/R_programingBackup/.git/objects/5f/053fff31f13a2b4465490f3a8acd4b7df1df21' (160)
2019-05-15 17:38:48: Copy New '/Users/markloessi/R_programing/.git/objects/66/09e847ba626bdb10015397c4c9eac0d8509cca' -> '/Volumes/128 GB SD/StudyStorage-SD/R_programingBackup/.git/objects/66/09e847ba626bdb10015397c4c9eac0d8509cca' (183)
2019-05-15 17:38:48: Copy New '/Users/markloessi/R_programing/.git/objects/67/e83c791d4eea058f661c939c350b1dbcc8a03b' -> '/Volumes/128 GB SD/StudyStorage-SD/R_programingBackup/.git/objects/67/e83c791d4eea058f661c939c350b1dbcc8a03b' (656)
2019-05-15 17:38:48: Copy New '/Users/markloessi/R_programing/.git/objects/69/12c551ab750dc30c52bc892c6f5281513e97c8' -> '/Volumes/128 GB SD/StudyStorage-SD/R_programingBackup/.git/objects/69/12c551ab750dc30c52bc892c6f5281513e97c8' (167)
2019-05-15 17:38:48: Copy New '/Users/markloessi/R_programing/.git/objects/69/ffc15887ffee991925ff5959307b5f767acda9' -> '/Volumes/128 GB SD/StudyStorage-SD/R_programingBackup/.git/objects/69/ffc15887ffee991925ff5959307b5f767acda9' (168)
2019-05-15 17:38:48: Copy New '/Users/markloessi/R_programing/.git/objects/77/96651c07f67385a25bcb6248d4e68f3146f205' -> '/Volumes/128 GB SD/StudyStorage-SD/R_programingBackup/.git/objects/77/96651c07f67385a25bcb6248d4e68f3146f205' (3512)
2019-05-15 17:38:48: Copy New '/Users/markloessi/R_programing/.git/objects/79/849f983d34da801cb9b93b0b2e97ae1094e056' -> '/Volumes/128 GB SD/StudyStorage-SD/R_programingBackup/.git/objects/79/849f983d34da801cb9b93b0b2e97ae1094e056' (3640)
2019-05-15 17:38:48: Copy New '/Users/markloessi/R_programing/.git/objects/7a/9d9c33d4ca1b9c4668e42bff7c0e76ffbf3ba8' -> '/Volumes/128 GB SD/StudyStorage-SD/R_programingBackup/.git/objects/7a/9d9c33d4ca1b9c4668e42bff7c0e76ffbf3ba8' (52)
2019-05-15 17:38:48: Copy New '/Users/markloessi/R_programing/.git/objects/7d/7ddf1b3075d39044b304259e3f149f14e16387' -> '/Volumes/128 GB SD/StudyStorage-SD/R_programingBackup/.git/objects/7d/7ddf1b3075d39044b304259e3f149f14e16387' (278)
2019-05-15 17:38:48: Copy New '/Users/markloessi/R_programing/.git/objects/7e/98a4d5d2e2f766dc1f6c638e67acd3a5018587' -> '/Volumes/128 GB SD/StudyStorage-SD/R_programingBackup/.git/objects/7e/98a4d5d2e2f766dc1f6c638e67acd3a5018587' (2797)
2019-05-15 17:38:48: Copy New '/Users/markloessi/R_programing/.git/objects/82/f26fe66e1d7f56c1018e6a991929634110082f' -> '/Volumes/128 GB SD/StudyStorage-SD/R_programingBackup/.git/objects/82/f26fe66e1d7f56c1018e6a991929634110082f' (265)
2019-05-15 17:38:48: Copy New '/Users/markloessi/R_programing/.git/objects/84/e713a8ed02c9388e05affd25a317b5ee4a1a9e' -> '/Volumes/128 GB SD/StudyStorage-SD/R_programingBackup/.git/objects/84/e713a8ed02c9388e05affd25a317b5ee4a1a9e' (168)
2019-05-15 17:38:48: Copy New '/Users/markloessi/R_programing/.git/objects/89/27d8b7ffb9ed97c6c989d0e98585f63ae65cb0' -> '/Volumes/128 GB SD/StudyStorage-SD/R_programingBackup/.git/objects/89/27d8b7ffb9ed97c6c989d0e98585f63ae65cb0' (183)
2019-05-15 17:38:48: Copy New '/Users/markloessi/R_programing/.git/objects/8f/ff9182ccd4a47faf865b4fb69a6282dddb55b6' -> '/Volumes/128 GB SD/StudyStorage-SD/R_programingBackup/.git/objects/8f/ff9182ccd4a47faf865b4fb69a6282dddb55b6' (192)
2019-05-15 17:38:48: Copy New '/Users/markloessi/R_programing/.git/objects/99/069e44903c28298b446826e3d4079b13c1e0e6' -> '/Volumes/128 GB SD/StudyStorage-SD/R_programingBackup/.git/objects/99/069e44903c28298b446826e3d4079b13c1e0e6' (159)
2019-05-15 17:38:48: Copy New '/Users/markloessi/R_programing/.git/objects/99/e458b0f477a95b1fd4cfb07a9c642693f90af1' -> '/Volumes/128 GB SD/StudyStorage-SD/R_programingBackup/.git/objects/99/e458b0f477a95b1fd4cfb07a9c642693f90af1' (3513)
2019-05-15 17:38:48: Copy New '/Users/markloessi/R_programing/.git/objects/9b/38cfbfe0a7d11846a509f87d82f36820e5768a' -> '/Volumes/128 GB SD/StudyStorage-SD/R_programingBackup/.git/objects/9b/38cfbfe0a7d11846a509f87d82f36820e5768a' (277)
2019-05-15 17:38:48: Copy New '/Users/markloessi/R_programing/.git/objects/a5/7bdd7dfcb3cfa840840da987e8e4c1bb128dae' -> '/Volumes/128 GB SD/StudyStorage-SD/R_programingBackup/.git/objects/a5/7bdd7dfcb3cfa840840da987e8e4c1bb128dae' (269)
2019-05-15 17:38:48: Copy New '/Users/markloessi/R_programing/.git/objects/aa/2b8e8b9503a060f266dc33515bee0baa79bf29' -> '/Volumes/128 GB SD/StudyStorage-SD/R_programingBackup/.git/objects/aa/2b8e8b9503a060f266dc33515bee0baa79bf29' (160)
2019-05-15 17:38:48: Copy New '/Users/markloessi/R_programing/.git/objects/ab/a7ac208cf74fbd5e555fe0a5cae274118659a3' -> '/Volumes/128 GB SD/StudyStorage-SD/R_programingBackup/.git/objects/ab/a7ac208cf74fbd5e555fe0a5cae274118659a3' (159)
2019-05-15 17:38:48: Copy New '/Users/markloessi/R_programing/.git/objects/ae/1f2a6034e2972b7c1121ce1fc3daa8540005fd' -> '/Volumes/128 GB SD/StudyStorage-SD/R_programingBackup/.git/objects/ae/1f2a6034e2972b7c1121ce1fc3daa8540005fd' (3580672)
2019-05-15 17:38:48: Copy New '/Users/markloessi/R_programing/.git/objects/ae/31a93f70d3f1dfc083a40533af963a6b423c15' -> '/Volumes/128 GB SD/StudyStorage-SD/R_programingBackup/.git/objects/ae/31a93f70d3f1dfc083a40533af963a6b423c15' (169)
2019-05-15 17:38:48: Copy New '/Users/markloessi/R_programing/.git/objects/ae/54c5efc42d7e072a7afc51a6792b590252a58b' -> '/Volumes/128 GB SD/StudyStorage-SD/R_programingBackup/.git/objects/ae/54c5efc42d7e072a7afc51a6792b590252a58b' (3510)
2019-05-15 17:38:48: Copy New '/Users/markloessi/R_programing/.git/objects/ba/57b6a6d26d04a820bae44d9e9d427b528c9de9' -> '/Volumes/128 GB SD/StudyStorage-SD/R_programingBackup/.git/objects/ba/57b6a6d26d04a820bae44d9e9d427b528c9de9' (48)
2019-05-15 17:38:48: Copy New '/Users/markloessi/R_programing/.git/objects/bd/b5c009e8acd647c20c2b8e1e17176c99757560' -> '/Volumes/128 GB SD/StudyStorage-SD/R_programingBackup/.git/objects/bd/b5c009e8acd647c20c2b8e1e17176c99757560' (209)
2019-05-15 17:38:48: Copy New '/Users/markloessi/R_programing/.git/objects/c0/c1a81c69cd0c6730c3bfdc4fe466d7c29250bf' -> '/Volumes/128 GB SD/StudyStorage-SD/R_programingBackup/.git/objects/c0/c1a81c69cd0c6730c3bfdc4fe466d7c29250bf' (3511)
2019-05-15 17:38:48: Copy New '/Users/markloessi/R_programing/.git/objects/c5/dd77d4eeb74e7b8abf08e01abe29dbab47dccf' -> '/Volumes/128 GB SD/StudyStorage-SD/R_programingBackup/.git/objects/c5/dd77d4eeb74e7b8abf08e01abe29dbab47dccf' (262)
2019-05-15 17:38:48: Copy New '/Users/markloessi/R_programing/.git/objects/cb/f56bb046dd9a6dd97c4c2f75a3c10d25b2cf00' -> '/Volumes/128 GB SD/StudyStorage-SD/R_programingBackup/.git/objects/cb/f56bb046dd9a6dd97c4c2f75a3c10d25b2cf00' (258)
2019-05-15 17:38:48: Copy New '/Users/markloessi/R_programing/.git/objects/d5/4e09ae62c29ca7dff65671b26fe666c5ce9f18' -> '/Volumes/128 GB SD/StudyStorage-SD/R_programingBackup/.git/objects/d5/4e09ae62c29ca7dff65671b26fe666c5ce9f18' (57)
2019-05-15 17:38:48: Copy New '/Users/markloessi/R_programing/.git/objects/d7/888d634e7e397862adb47d5c395111f4b6c0dc' -> '/Volumes/128 GB SD/StudyStorage-SD/R_programingBackup/.git/objects/d7/888d634e7e397862adb47d5c395111f4b6c0dc' (52)
2019-05-15 17:38:48: Copy New '/Users/markloessi/R_programing/.git/objects/d9/691a2ca08d0eb8bca8cda0026f3eaa478a59d7' -> '/Volumes/128 GB SD/StudyStorage-SD/R_programingBackup/.git/objects/d9/691a2ca08d0eb8bca8cda0026f3eaa478a59d7' (167)
2019-05-15 17:38:48: Copy New '/Users/markloessi/R_programing/.git/objects/de/198df441fba2da76988c515e9e315b144e0237' -> '/Volumes/128 GB SD/StudyStorage-SD/R_programingBackup/.git/objects/de/198df441fba2da76988c515e9e315b144e0237' (2676)
2019-05-15 17:38:48: Copy New '/Users/markloessi/R_programing/.git/objects/df/66418d7fa706ab9cafc8f63e7d275d3d216475' -> '/Volumes/128 GB SD/StudyStorage-SD/R_programingBackup/.git/objects/df/66418d7fa706ab9cafc8f63e7d275d3d216475' (3511)
2019-05-15 17:38:48: Copy New '/Users/markloessi/R_programing/.git/objects/e0/a668b7903de0880b82ff4bd36cf5012cb0b40e' -> '/Volumes/128 GB SD/StudyStorage-SD/R_programingBackup/.git/objects/e0/a668b7903de0880b82ff4bd36cf5012cb0b40e' (160)
2019-05-15 17:38:48: Copy New '/Users/markloessi/R_programing/.git/objects/ed/33e092b0ba2221224b3d491ad33a372cd396a1' -> '/Volumes/128 GB SD/StudyStorage-SD/R_programingBackup/.git/objects/ed/33e092b0ba2221224b3d491ad33a372cd396a1' (3511)
2019-05-15 17:38:48: Copy New '/Users/markloessi/R_programing/.git/objects/f9/e48903ec161aba357472f90c7e2410c57c532b' -> '/Volumes/128 GB SD/StudyStorage-SD/R_programingBackup/.git/objects/f9/e48903ec161aba357472f90c7e2410c57c532b' (3515)
2019-05-15 17:38:48: Copy New '/Users/markloessi/R_programing/.git/objects/fd/6392e09cbbb2be7b27c84819451fde5fbded92' -> '/Volumes/128 GB SD/StudyStorage-SD/R_programingBackup/.git/objects/fd/6392e09cbbb2be7b27c84819451fde5fbded92' (99)
2019-05-15 17:38:48: Copy Over '/Users/markloessi/R_programing/.git/refs/heads/master' -> '/Volumes/128 GB SD/StudyStorage-SD/R_programingBackup/.git/refs/heads/master' (41)
2019-05-15 17:38:48: Copy Over '/Users/markloessi/R_programing/.git/refs/remotes/origin/master' -> '/Volumes/128 GB SD/StudyStorage-SD/R_programingBackup/.git/refs/remotes/origin/master' (41)
2019-05-15 17:38:48: Copy Over '/Users/markloessi/R_programing/.gitignore' -> '/Volumes/128 GB SD/StudyStorage-SD/R_programingBackup/.gitignore' (836)
2019-05-15 17:38:48: Copy Over '/Users/markloessi/R_programing/.RData' -> '/Volumes/128 GB SD/StudyStorage-SD/R_programingBackup/.RData' (1013733)
2019-05-15 17:38:48: Copy Over '/Users/markloessi/R_programing/.Rhistory' -> '/Volumes/128 GB SD/StudyStorage-SD/R_programingBackup/.Rhistory' (20326)
2019-05-15 17:38:48: Copy New '/Users/markloessi/R_programing/PracticalDataScience_AnalyzingStocks_TradingWithTrends.html' -> '/Volumes/128 GB SD/StudyStorage-SD/R_programingBackup/PracticalDataScience_AnalyzingStocks_TradingWithTrends.html' (5593353)
2019-05-15 17:38:48: Copy New '/Users/markloessi/R_programing/PracticalDataScience_AnalyzingStocks_TradingWithTrends.Rmd' -> '/Volumes/128 GB SD/StudyStorage-SD/R_programingBackup/PracticalDataScience_AnalyzingStocks_TradingWithTrends.Rmd' (8535)
2019-05-15 17:38:48: Copy New '/Users/markloessi/R_programing/rsconnect/documents/PracticalDataScience_AnalyzingStocks_TradingWithTrends.Rmd/rpubs.com/rpubs/Document.dcf' -> '/Volumes/128 GB SD/StudyStorage-SD/R_programingBackup/rsconnect/documents/PracticalDataScience_AnalyzingStocks_TradingWithTrends.Rmd/rpubs.com/rpubs/Document.dcf' (356)
2019-05-15 17:38:49: == Sync Complete. Time: 00:00:03, Speed: 5.5 MB/s, OK: 98, Errors: 0
2019-05-15 17:38:49: 
